

Microchip MPLAB XC8 Assembler V2.40 build 20220703182018 
                                                                                               Wed Jun 21 19:15:07 2023

Microchip MPLAB XC8 C Compiler v2.40 (Free license) build 20220703182018 Og1 
     1                           	processor	10F322
     2                           	pagewidth 120
     3                           	opt	flic
     4                           	psect	cinit,global,class=CODE,merge=1,delta=2
     5                           	psect	bssBANK0,global,class=BANK0,space=1,delta=1,noexec
     6                           	psect	cstackCOMMON,global,class=COMMON,space=1,delta=1,noexec
     7                           	psect	cstackBANK0,global,class=BANK0,space=1,delta=1,noexec
     8                           	psect	maintext,global,class=CODE,split=1,delta=2
     9                           	psect	text1,local,class=CODE,merge=1,delta=2
    10                           	psect	text2,local,class=CODE,merge=1,delta=2
    11                           	psect	text3,local,class=CODE,merge=1,delta=2
    12                           	psect	text4,local,class=CODE,merge=1,delta=2
    13                           	psect	text5,local,class=CODE,merge=1,delta=2
    14                           	psect	text6,local,class=CODE,merge=1,delta=2
    15                           	psect	text7,local,class=CODE,merge=1,delta=2
    16                           	psect	text8,local,class=CODE,merge=1,delta=2
    17                           	psect	text9,local,class=CODE,merge=1,delta=2
    18                           	psect	intentry,global,class=CODE,delta=2
    19                           	psect	text10,local,class=CODE,merge=1,delta=2
    20                           	psect	config,global,abs,ovrld,class=CONFIG,space=4,delta=2,noexec
    21                           	dabs	1,0x7E,2
    22     0000                     
    23                           ; Version 2.32
    24                           ; Generated 23/11/2020 GMT
    25                           ; 
    26                           ; Copyright © 2020, Microchip Technology Inc. and its subsidiaries ("Microchip")
    27                           ; All rights reserved.
    28                           ; 
    29                           ; This software is developed by Microchip Technology Inc. and its subsidiaries ("Microch
      +                          ip").
    30                           ; 
    31                           ; Redistribution and use in source and binary forms, with or without modification, are
    32                           ; permitted provided that the following conditions are met:
    33                           ; 
    34                           ;     1. Redistributions of source code must retain the above copyright notice, this lis
      +                          t of
    35                           ;        conditions and the following disclaimer.
    36                           ; 
    37                           ;     2. Redistributions in binary form must reproduce the above copyright notice, this 
      +                          list
    38                           ;        of conditions and the following disclaimer in the documentation and/or other
    39                           ;        materials provided with the distribution. Publication is not required when
    40                           ;        this file is used in an embedded application.
    41                           ; 
    42                           ;     3. Microchip's name may not be used to endorse or promote products derived from th
      +                          is
    43                           ;        software without specific prior written permission.
    44                           ; 
    45                           ; THIS SOFTWARE IS PROVIDED BY MICROCHIP "AS IS" AND ANY EXPRESS OR IMPLIED WARRANTIES,
    46                           ; INCLUDING, BUT NOT LIMITED TO, THE IMPLIED WARRANTIES OF MERCHANTABILITY AND FITNESS F
      +                          OR
    47                           ; PURPOSE ARE DISCLAIMED.  IN NO EVENT SHALL MICROCHIP BE LIABLE FOR ANY DIRECT, INDIREC
      +                          T,
    48                           ; INCIDENTAL, SPECIAL, EXEMPLARY, OR CONSEQUENTIAL DAMAGES (INCLUDING BUT NOT LIMITED TO
    49                           ; PROCUREMENT OF SUBSTITUTE GOODS OR SERVICES; LOSS OF USE, DATA OR PROFITS; OR BUSINESS
    50                           ; INTERRUPTION) HOWSOEVER CAUSED AND ON ANY THEORY OF LIABILITY, WHETHER IN CONTRACT, ST
      +                          RICT
    51                           ; LIABILITY, OR TORT (INCLUDING NEGLIGENCE OR OTHERWISE) ARISING IN ANY WAY OUT OF THE U
      +                          SE OF
    52                           ; THIS SOFTWARE, EVEN IF ADVISED OF THE POSSIBILITY OF SUCH DAMAGE.
    53                           ; 
    54                           ; 
    55                           ; Code-generator required, PIC10F322 Definitions
    56                           ; 
    57                           ; SFR Addresses
    58     0000                     	;# 
    59     0001                     	;# 
    60     0002                     	;# 
    61     0003                     	;# 
    62     0004                     	;# 
    63     0005                     	;# 
    64     0006                     	;# 
    65     0007                     	;# 
    66     0008                     	;# 
    67     0009                     	;# 
    68     000A                     	;# 
    69     000B                     	;# 
    70     000C                     	;# 
    71     000D                     	;# 
    72     000E                     	;# 
    73     000F                     	;# 
    74     0010                     	;# 
    75     0011                     	;# 
    76     0012                     	;# 
    77     0013                     	;# 
    78     0014                     	;# 
    79     0015                     	;# 
    80     0016                     	;# 
    81     0016                     	;# 
    82     0017                     	;# 
    83     0018                     	;# 
    84     0019                     	;# 
    85     0019                     	;# 
    86     001A                     	;# 
    87     001B                     	;# 
    88     001C                     	;# 
    89     001D                     	;# 
    90     001E                     	;# 
    91     001F                     	;# 
    92     0020                     	;# 
    93     0020                     	;# 
    94     0021                     	;# 
    95     0022                     	;# 
    96     0022                     	;# 
    97     0023                     	;# 
    98     0024                     	;# 
    99     0025                     	;# 
   100     0026                     	;# 
   101     0027                     	;# 
   102     0027                     	;# 
   103     0028                     	;# 
   104     0029                     	;# 
   105     002A                     	;# 
   106     002A                     	;# 
   107     002B                     	;# 
   108     002C                     	;# 
   109     002D                     	;# 
   110     002E                     	;# 
   111     0030                     	;# 
   112     0031                     	;# 
   113     0032                     	;# 
   114     0033                     	;# 
   115     0034                     	;# 
   116     0035                     	;# 
   117     0036                     	;# 
   118     0037                     	;# 
   119     0038                     	;# 
   120     0039                     	;# 
   121     003A                     	;# 
   122     003B                     	;# 
   123     003C                     	;# 
   124     003D                     	;# 
   125     003E                     	;# 
   126     003F                     	;# 
   127     0000                     	;# 
   128     0001                     	;# 
   129     0002                     	;# 
   130     0003                     	;# 
   131     0004                     	;# 
   132     0005                     	;# 
   133     0006                     	;# 
   134     0007                     	;# 
   135     0008                     	;# 
   136     0009                     	;# 
   137     000A                     	;# 
   138     000B                     	;# 
   139     000C                     	;# 
   140     000D                     	;# 
   141     000E                     	;# 
   142     000F                     	;# 
   143     0010                     	;# 
   144     0011                     	;# 
   145     0012                     	;# 
   146     0013                     	;# 
   147     0014                     	;# 
   148     0015                     	;# 
   149     0016                     	;# 
   150     0016                     	;# 
   151     0017                     	;# 
   152     0018                     	;# 
   153     0019                     	;# 
   154     0019                     	;# 
   155     001A                     	;# 
   156     001B                     	;# 
   157     001C                     	;# 
   158     001D                     	;# 
   159     001E                     	;# 
   160     001F                     	;# 
   161     0020                     	;# 
   162     0020                     	;# 
   163     0021                     	;# 
   164     0022                     	;# 
   165     0022                     	;# 
   166     0023                     	;# 
   167     0024                     	;# 
   168     0025                     	;# 
   169     0026                     	;# 
   170     0027                     	;# 
   171     0027                     	;# 
   172     0028                     	;# 
   173     0029                     	;# 
   174     002A                     	;# 
   175     002A                     	;# 
   176     002B                     	;# 
   177     002C                     	;# 
   178     002D                     	;# 
   179     002E                     	;# 
   180     0030                     	;# 
   181     0031                     	;# 
   182     0032                     	;# 
   183     0033                     	;# 
   184     0034                     	;# 
   185     0035                     	;# 
   186     0036                     	;# 
   187     0037                     	;# 
   188     0038                     	;# 
   189     0039                     	;# 
   190     003A                     	;# 
   191     003B                     	;# 
   192     003C                     	;# 
   193     003D                     	;# 
   194     003E                     	;# 
   195     003F                     	;# 
   196     0000                     	;# 
   197     0001                     	;# 
   198     0002                     	;# 
   199     0003                     	;# 
   200     0004                     	;# 
   201     0005                     	;# 
   202     0006                     	;# 
   203     0007                     	;# 
   204     0008                     	;# 
   205     0009                     	;# 
   206     000A                     	;# 
   207     000B                     	;# 
   208     000C                     	;# 
   209     000D                     	;# 
   210     000E                     	;# 
   211     000F                     	;# 
   212     0010                     	;# 
   213     0011                     	;# 
   214     0012                     	;# 
   215     0013                     	;# 
   216     0014                     	;# 
   217     0015                     	;# 
   218     0016                     	;# 
   219     0016                     	;# 
   220     0017                     	;# 
   221     0018                     	;# 
   222     0019                     	;# 
   223     0019                     	;# 
   224     001A                     	;# 
   225     001B                     	;# 
   226     001C                     	;# 
   227     001D                     	;# 
   228     001E                     	;# 
   229     001F                     	;# 
   230     0020                     	;# 
   231     0020                     	;# 
   232     0021                     	;# 
   233     0022                     	;# 
   234     0022                     	;# 
   235     0023                     	;# 
   236     0024                     	;# 
   237     0025                     	;# 
   238     0026                     	;# 
   239     0027                     	;# 
   240     0027                     	;# 
   241     0028                     	;# 
   242     0029                     	;# 
   243     002A                     	;# 
   244     002A                     	;# 
   245     002B                     	;# 
   246     002C                     	;# 
   247     002D                     	;# 
   248     002E                     	;# 
   249     0030                     	;# 
   250     0031                     	;# 
   251     0032                     	;# 
   252     0033                     	;# 
   253     0034                     	;# 
   254     0035                     	;# 
   255     0036                     	;# 
   256     0037                     	;# 
   257     0038                     	;# 
   258     0039                     	;# 
   259     003A                     	;# 
   260     003B                     	;# 
   261     003C                     	;# 
   262     003D                     	;# 
   263     003E                     	;# 
   264     003F                     	;# 
   265     0000                     	;# 
   266     0001                     	;# 
   267     0002                     	;# 
   268     0003                     	;# 
   269     0004                     	;# 
   270     0005                     	;# 
   271     0006                     	;# 
   272     0007                     	;# 
   273     0008                     	;# 
   274     0009                     	;# 
   275     000A                     	;# 
   276     000B                     	;# 
   277     000C                     	;# 
   278     000D                     	;# 
   279     000E                     	;# 
   280     000F                     	;# 
   281     0010                     	;# 
   282     0011                     	;# 
   283     0012                     	;# 
   284     0013                     	;# 
   285     0014                     	;# 
   286     0015                     	;# 
   287     0016                     	;# 
   288     0016                     	;# 
   289     0017                     	;# 
   290     0018                     	;# 
   291     0019                     	;# 
   292     0019                     	;# 
   293     001A                     	;# 
   294     001B                     	;# 
   295     001C                     	;# 
   296     001D                     	;# 
   297     001E                     	;# 
   298     001F                     	;# 
   299     0020                     	;# 
   300     0020                     	;# 
   301     0021                     	;# 
   302     0022                     	;# 
   303     0022                     	;# 
   304     0023                     	;# 
   305     0024                     	;# 
   306     0025                     	;# 
   307     0026                     	;# 
   308     0027                     	;# 
   309     0027                     	;# 
   310     0028                     	;# 
   311     0029                     	;# 
   312     002A                     	;# 
   313     002A                     	;# 
   314     002B                     	;# 
   315     002C                     	;# 
   316     002D                     	;# 
   317     002E                     	;# 
   318     0030                     	;# 
   319     0031                     	;# 
   320     0032                     	;# 
   321     0033                     	;# 
   322     0034                     	;# 
   323     0035                     	;# 
   324     0036                     	;# 
   325     0037                     	;# 
   326     0038                     	;# 
   327     0039                     	;# 
   328     003A                     	;# 
   329     003B                     	;# 
   330     003C                     	;# 
   331     003D                     	;# 
   332     003E                     	;# 
   333     003F                     	;# 
   334     000E                     _OPTION_REG	set	14
   335     000B                     _INTCON	set	11
   336     003E                     _VREGCON	set	62
   337     001D                     _FVRCON	set	29
   338     001F                     _ADCON	set	31
   339     0009                     _WPUA	set	9
   340     0013                     _T2CON	set	19
   341     000C                     _PIR1	set	12
   342     0011                     _TMR2	set	17
   343     0012                     _PR2	set	18
   344     0019                     _PWM2CON	set	25
   345     0008                     _ANSELA	set	8
   346     0006                     _TRISA	set	6
   347     0007                     _LATA	set	7
   348     0017                     _PWM2DCL	set	23
   349     0018                     _PWM2DCH	set	24
   350     0005                     _PORTA	set	5
   351                           
   352                           	psect	cinit
   353     000B                     start_initialization:	
   354                           ; #config settings
   355                           
   356     000B                     __initialization:
   357                           
   358                           ; Clear objects allocated to BANK0
   359     000B  01C0               	clrf	__pbssBANK0& (0+127)
   360     000C  01C1               	clrf	(__pbssBANK0+1)& (0+127)
   361     000D  01C2               	clrf	(__pbssBANK0+2)& (0+127)
   362     000E  01C3               	clrf	(__pbssBANK0+3)& (0+127)
   363     000F                     end_of_initialization:	
   364                           ;End of C runtime variable initialization code
   365                           
   366     000F                     __end_of__initialization:
   367     000F  0183               	clrf	3
   368     0010  2811               	ljmp	_main	;jump to C main() function
   369                           
   370                           	psect	bssBANK0
   371     0040                     __pbssBANK0:
   372     0040                     _sleep_mode:
   373     0040                     	ds	1
   374     0041                     _Button_State:
   375     0041                     	ds	1
   376     0042                     _executed:
   377     0042                     	ds	1
   378     0043                     _button_state:
   379     0043                     	ds	1
   380                           
   381                           	psect	cstackCOMMON
   382     0000                     __pcstackCOMMON:
   383     0000                     ??_Sleep_Init:
   384     0000                     ??_Button_Get_Sleep_Mode:	
   385                           ; 1 bytes @ 0x0
   386                           
   387     0000                     ??_PWM_Off:	
   388                           ; 1 bytes @ 0x0
   389                           
   390     0000                     ??_Button_ISR_Executables:	
   391                           ; 1 bytes @ 0x0
   392                           
   393     0000                     ??_main:	
   394                           ; 1 bytes @ 0x0
   395                           
   396     0000                     ??_PWM_Get_Execution_Status:	
   397                           ; 1 bytes @ 0x0
   398                           
   399     0000                     ??_PWM_Set_Execution_Status:	
   400                           ; 1 bytes @ 0x0
   401                           
   402                           
   403                           	psect	cstackBANK0
   404     0044                     __pcstackBANK0:	
   405                           ; 1 bytes @ 0x0
   406                           
   407     0044                     ?_Button_Init:
   408     0044                     ?_Sleep_Init:	
   409                           ; 1 bytes @ 0x0
   410                           
   411     0044                     ?_Button_Get_Sleep_Mode:	
   412                           ; 1 bytes @ 0x0
   413                           
   414     0044                     ?_PWM_Off:	
   415                           ; 1 bytes @ 0x0
   416                           
   417     0044                     ?_Button_ISR_Executables:	
   418                           ; 1 bytes @ 0x0
   419                           
   420     0044                     ?_main:	
   421                           ; 1 bytes @ 0x0
   422                           
   423     0044                     ?_ISRs:	
   424                           ; 1 bytes @ 0x0
   425                           
   426     0044                     ??_ISRs:	
   427                           ; 1 bytes @ 0x0
   428                           
   429     0044                     ?_PWM_Get_Execution_Status:	
   430                           ; 1 bytes @ 0x0
   431                           
   432     0044                     ?_PWM_Set_Execution_Status:	
   433                           ; 1 bytes @ 0x0
   434                           
   435     0044                     ?_PWM_Disable:	
   436                           ; 1 bytes @ 0x0
   437                           
   438     0044                     ?_Sleep_Unused_GPIO_Config:	
   439                           ; 1 bytes @ 0x0
   440                           
   441                           
   442                           ; 1 bytes @ 0x0
   443     0044                     	ds	2
   444     0046                     ??_Button_Init:
   445     0046                     ??_PWM_Disable:	
   446                           ; 1 bytes @ 0x2
   447                           
   448     0046                     ??_Sleep_Unused_GPIO_Config:	
   449                           ; 1 bytes @ 0x2
   450                           
   451                           
   452                           ; 1 bytes @ 0x2
   453     0046                     	ds	1
   454                           
   455                           	psect	maintext
   456     0011                     __pmaintext:	
   457 ;;
   458 ;;Main: autosize = 0, tempsize = 0, incstack = 0, save=0
   459 ;;
   460 ;; *************** function _main *****************
   461 ;; Defined at:
   462 ;;		line 18 in file "main.c"
   463 ;; Parameters:    Size  Location     Type
   464 ;;		None
   465 ;; Auto vars:     Size  Location     Type
   466 ;;		None
   467 ;; Return value:  Size  Location     Type
   468 ;;                  1    wreg      void 
   469 ;; Registers used:
   470 ;;		wreg, status,2, status,0, pclath, cstack
   471 ;; Tracked objects:
   472 ;;		On entry : B00/0
   473 ;;		On exit  : 0/0
   474 ;;		Unchanged: 0/0
   475 ;; Data sizes:     COMMON   BANK0
   476 ;;      Params:         0       0
   477 ;;      Locals:         0       0
   478 ;;      Temps:          0       0
   479 ;;      Totals:         0       0
   480 ;;Total ram usage:        0 bytes
   481 ;; Hardware stack levels required when called: 4
   482 ;; This function calls:
   483 ;;		_Button_Get_Sleep_Mode
   484 ;;		_Button_Init
   485 ;;		_PWM_Off
   486 ;;		_Sleep_Init
   487 ;; This function is called by:
   488 ;;		Startup code after reset
   489 ;; This function uses a non-reentrant model
   490 ;;
   491                           
   492     0011                     _main:	
   493                           ;psect for function _main
   494                           
   495     0011                     l833:	
   496                           ;incstack = 0
   497                           ; Regs used in _main: [wreg+status,2+status,0+pclath+cstack]
   498                           
   499                           
   500                           ;main.c: 20: Button_Init();
   501     0011  203A               	fcall	_Button_Init
   502                           
   503                           ;main.c: 21: Sleep_Init();
   504     0012  204E               	fcall	_Sleep_Init
   505     0013                     l835:
   506                           
   507                           ;main.c: 25: if(Button_Get_Sleep_Mode()==0){
   508     0013  206B               	fcall	_Button_Get_Sleep_Mode
   509     0014  3A00               	xorlw	0
   510     0015  1D03               	skipz
   511     0016  2818               	goto	u131
   512     0017  2819               	goto	u130
   513     0018                     u131:
   514     0018  2822               	goto	l841
   515     0019                     u130:
   516     0019                     l837:
   517                           
   518                           ;main.c: 26: if(!(PORTA & 0x04)){
   519     0019  1905               	btfsc	5,2	;volatile
   520     001A  281C               	goto	u141
   521     001B  281D               	goto	u140
   522     001C                     u141:
   523     001C  2813               	goto	l835
   524     001D                     u140:
   525     001D                     l22:
   526     001D  1905               	btfsc	5,2	;volatile
   527     001E  2820               	goto	u151
   528     001F  2821               	goto	u150
   529     0020                     u151:
   530     0020  281D               	goto	l22
   531     0021                     u150:
   532     0021  2813               	goto	l835
   533     0022                     l841:
   534                           
   535                           ;main.c: 31: PWM_Off();
   536     0022  2045               	fcall	_PWM_Off
   537     0023  0063               	sleep	;# 
   538     0024  2813               	goto	l835
   539     0025  280A               	ljmp	start
   540     0026                     __end_of_main:
   541                           
   542                           	psect	text1
   543     004E                     __ptext1:	
   544 ;; *************** function _Sleep_Init *****************
   545 ;; Defined at:
   546 ;;		line 78 in file "sleep.c"
   547 ;; Parameters:    Size  Location     Type
   548 ;;		None
   549 ;; Auto vars:     Size  Location     Type
   550 ;;		None
   551 ;; Return value:  Size  Location     Type
   552 ;;                  1    wreg      void 
   553 ;; Registers used:
   554 ;;		wreg, status,2, status,0, pclath, cstack
   555 ;; Tracked objects:
   556 ;;		On entry : 0/0
   557 ;;		On exit  : 0/0
   558 ;;		Unchanged: 0/0
   559 ;; Data sizes:     COMMON   BANK0
   560 ;;      Params:         0       0
   561 ;;      Locals:         0       0
   562 ;;      Temps:          0       0
   563 ;;      Totals:         0       0
   564 ;;Total ram usage:        0 bytes
   565 ;; Hardware stack levels used: 1
   566 ;; Hardware stack levels required when called: 3
   567 ;; This function calls:
   568 ;;		_Sleep_Unused_GPIO_Config
   569 ;; This function is called by:
   570 ;;		_main
   571 ;; This function uses a non-reentrant model
   572 ;;
   573                           
   574     004E                     _Sleep_Init:	
   575                           ;psect for function _Sleep_Init
   576                           
   577     004E                     l815:	
   578                           ;incstack = 0
   579                           ; Regs used in _Sleep_Init: [wreg+status,2+status,0+pclath+cstack]
   580                           
   581                           
   582                           ;sleep.c: 79: WPUA = (1<<3);
   583     004E  3008               	movlw	8
   584     004F  0089               	movwf	9	;volatile
   585     0050                     l817:
   586                           
   587                           ;sleep.c: 83: ADCON = 0x00;
   588     0050  019F               	clrf	31	;volatile
   589     0051                     l819:
   590                           
   591                           ;sleep.c: 84: FVRCON = 0x00;
   592     0051  019D               	clrf	29	;volatile
   593                           
   594                           ;sleep.c: 85: VREGCON = 0x02;
   595     0052  3002               	movlw	2
   596     0053  00BE               	movwf	62	;volatile
   597     0054                     l821:
   598                           
   599                           ;sleep.c: 86: Sleep_Unused_GPIO_Config();
   600     0054  205E               	fcall	_Sleep_Unused_GPIO_Config
   601     0055                     l108:
   602     0055  0008               	return
   603     0056                     __end_of_Sleep_Init:
   604                           
   605                           	psect	text2
   606     005E                     __ptext2:	
   607 ;; *************** function _Sleep_Unused_GPIO_Config *****************
   608 ;; Defined at:
   609 ;;		line 72 in file "sleep.c"
   610 ;; Parameters:    Size  Location     Type
   611 ;;		None
   612 ;; Auto vars:     Size  Location     Type
   613 ;;		None
   614 ;; Return value:  Size  Location     Type
   615 ;;                  1    wreg      void 
   616 ;; Registers used:
   617 ;;		wreg, status,2, status,0
   618 ;; Tracked objects:
   619 ;;		On entry : 0/0
   620 ;;		On exit  : 0/0
   621 ;;		Unchanged: 0/0
   622 ;; Data sizes:     COMMON   BANK0
   623 ;;      Params:         0       0
   624 ;;      Locals:         0       0
   625 ;;      Temps:          0       1
   626 ;;      Totals:         0       1
   627 ;;Total ram usage:        1 bytes
   628 ;; Hardware stack levels used: 1
   629 ;; Hardware stack levels required when called: 2
   630 ;; This function calls:
   631 ;;		Nothing
   632 ;; This function is called by:
   633 ;;		_Sleep_Init
   634 ;; This function uses a non-reentrant model
   635 ;;
   636                           
   637     005E                     _Sleep_Unused_GPIO_Config:	
   638                           ;psect for function _Sleep_Unused_GPIO_Config
   639                           
   640     005E                     l803:	
   641                           ;incstack = 0
   642                           ; Regs used in _Sleep_Unused_GPIO_Config: [wreg+status,2+status,0]
   643                           
   644                           
   645                           ;sleep.c: 75: LATA &=~ 1;
   646     005E  30FE               	movlw	254
   647     005F  00C6               	movwf	??_Sleep_Unused_GPIO_Config
   648     0060  0846               	movf	??_Sleep_Unused_GPIO_Config,w
   649     0061  0587               	andwf	7,f	;volatile
   650     0062                     l105:
   651     0062  0008               	return
   652     0063                     __end_of_Sleep_Unused_GPIO_Config:
   653                           
   654                           	psect	text3
   655     0045                     __ptext3:	
   656 ;; *************** function _PWM_Off *****************
   657 ;; Defined at:
   658 ;;		line 93 in file "pwm.c"
   659 ;; Parameters:    Size  Location     Type
   660 ;;		None
   661 ;; Auto vars:     Size  Location     Type
   662 ;;		None
   663 ;; Return value:  Size  Location     Type
   664 ;;                  1    wreg      void 
   665 ;; Registers used:
   666 ;;		wreg, status,2, status,0, pclath, cstack
   667 ;; Tracked objects:
   668 ;;		On entry : 0/0
   669 ;;		On exit  : 0/0
   670 ;;		Unchanged: 0/0
   671 ;; Data sizes:     COMMON   BANK0
   672 ;;      Params:         0       0
   673 ;;      Locals:         0       0
   674 ;;      Temps:          0       0
   675 ;;      Totals:         0       0
   676 ;;Total ram usage:        0 bytes
   677 ;; Hardware stack levels used: 1
   678 ;; Hardware stack levels required when called: 3
   679 ;; This function calls:
   680 ;;		_PWM_Disable
   681 ;;		_PWM_Get_Execution_Status
   682 ;;		_PWM_Set_Execution_Status
   683 ;; This function is called by:
   684 ;;		_main
   685 ;; This function uses a non-reentrant model
   686 ;;
   687                           
   688     0045                     _PWM_Off:	
   689                           ;psect for function _PWM_Off
   690                           
   691     0045                     l827:	
   692                           ;incstack = 0
   693                           ; Regs used in _PWM_Off: [wreg+status,2+status,0+pclath+cstack]
   694                           
   695                           
   696                           ;pwm.c: 94: if(PWM_Get_Execution_Status()==0){
   697     0045  2069               	fcall	_PWM_Get_Execution_Status
   698     0046  3A00               	xorlw	0
   699     0047  1D03               	skipz
   700     0048  284A               	goto	u121
   701     0049  284B               	goto	u120
   702     004A                     u121:
   703     004A  284D               	goto	l92
   704     004B                     u120:
   705     004B                     l829:
   706                           
   707                           ;pwm.c: 95: PWM_Disable();
   708     004B  2026               	fcall	_PWM_Disable
   709                           
   710                           ;pwm.c: 96: PWM_Set_Execution_Status();
   711     004C  2063               	fcall	_PWM_Set_Execution_Status
   712     004D                     l92:
   713     004D  0008               	return
   714     004E                     __end_of_PWM_Off:
   715                           
   716                           	psect	text4
   717     0063                     __ptext4:	
   718 ;; *************** function _PWM_Set_Execution_Status *****************
   719 ;; Defined at:
   720 ;;		line 16 in file "pwm.c"
   721 ;; Parameters:    Size  Location     Type
   722 ;;		None
   723 ;; Auto vars:     Size  Location     Type
   724 ;;		None
   725 ;; Return value:  Size  Location     Type
   726 ;;                  1    wreg      void 
   727 ;; Registers used:
   728 ;;		wreg
   729 ;; Tracked objects:
   730 ;;		On entry : 0/0
   731 ;;		On exit  : 0/0
   732 ;;		Unchanged: 0/0
   733 ;; Data sizes:     COMMON   BANK0
   734 ;;      Params:         0       0
   735 ;;      Locals:         0       0
   736 ;;      Temps:          0       0
   737 ;;      Totals:         0       0
   738 ;;Total ram usage:        0 bytes
   739 ;; Hardware stack levels used: 1
   740 ;; Hardware stack levels required when called: 2
   741 ;; This function calls:
   742 ;;		Nothing
   743 ;; This function is called by:
   744 ;;		_PWM_Off
   745 ;;		_PWM_On_20_Percent_Duty_Cycle
   746 ;;		_PWM_On_50_Percent_Duty_Cycle
   747 ;;		_PWM_On_100_Percent_Duty_Cycle
   748 ;; This function uses a non-reentrant model
   749 ;;
   750                           
   751     0063                     _PWM_Set_Execution_Status:	
   752                           ;psect for function _PWM_Set_Execution_Status
   753                           
   754     0063                     l791:	
   755                           ;incstack = 0
   756                           ; Regs used in _PWM_Set_Execution_Status: [wreg]
   757                           
   758                           
   759                           ;pwm.c: 17: executed=1;
   760     0063  3001               	movlw	1
   761     0064  00C2               	movwf	_executed	;volatile
   762     0065                     l61:
   763     0065  0008               	return
   764     0066                     __end_of_PWM_Set_Execution_Status:
   765                           
   766                           	psect	text5
   767     0069                     __ptext5:	
   768 ;; *************** function _PWM_Get_Execution_Status *****************
   769 ;; Defined at:
   770 ;;		line 12 in file "pwm.c"
   771 ;; Parameters:    Size  Location     Type
   772 ;;		None
   773 ;; Auto vars:     Size  Location     Type
   774 ;;		None
   775 ;; Return value:  Size  Location     Type
   776 ;;                  1    wreg      unsigned char 
   777 ;; Registers used:
   778 ;;		wreg
   779 ;; Tracked objects:
   780 ;;		On entry : 0/0
   781 ;;		On exit  : 0/0
   782 ;;		Unchanged: 0/0
   783 ;; Data sizes:     COMMON   BANK0
   784 ;;      Params:         0       0
   785 ;;      Locals:         0       0
   786 ;;      Temps:          0       0
   787 ;;      Totals:         0       0
   788 ;;Total ram usage:        0 bytes
   789 ;; Hardware stack levels used: 1
   790 ;; Hardware stack levels required when called: 2
   791 ;; This function calls:
   792 ;;		Nothing
   793 ;; This function is called by:
   794 ;;		_PWM_Off
   795 ;;		_PWM_On_20_Percent_Duty_Cycle
   796 ;;		_PWM_On_50_Percent_Duty_Cycle
   797 ;;		_PWM_On_100_Percent_Duty_Cycle
   798 ;; This function uses a non-reentrant model
   799 ;;
   800                           
   801     0069                     _PWM_Get_Execution_Status:	
   802                           ;psect for function _PWM_Get_Execution_Status
   803                           
   804     0069                     l787:	
   805                           ;incstack = 0
   806                           ; Regs used in _PWM_Get_Execution_Status: [wreg]
   807                           
   808                           
   809                           ;pwm.c: 13: return executed;
   810     0069  0842               	movf	_executed,w	;volatile
   811     006A                     l58:
   812     006A  0008               	return
   813     006B                     __end_of_PWM_Get_Execution_Status:
   814                           
   815                           	psect	text6
   816     0026                     __ptext6:	
   817 ;; *************** function _PWM_Disable *****************
   818 ;; Defined at:
   819 ;;		line 53 in file "pwm.c"
   820 ;; Parameters:    Size  Location     Type
   821 ;;		None
   822 ;; Auto vars:     Size  Location     Type
   823 ;;		None
   824 ;; Return value:  Size  Location     Type
   825 ;;                  1    wreg      void 
   826 ;; Registers used:
   827 ;;		wreg, status,2, status,0
   828 ;; Tracked objects:
   829 ;;		On entry : 0/0
   830 ;;		On exit  : 0/0
   831 ;;		Unchanged: 0/0
   832 ;; Data sizes:     COMMON   BANK0
   833 ;;      Params:         0       0
   834 ;;      Locals:         0       0
   835 ;;      Temps:          0       1
   836 ;;      Totals:         0       1
   837 ;;Total ram usage:        1 bytes
   838 ;; Hardware stack levels used: 1
   839 ;; Hardware stack levels required when called: 2
   840 ;; This function calls:
   841 ;;		Nothing
   842 ;; This function is called by:
   843 ;;		_PWM_Off
   844 ;; This function uses a non-reentrant model
   845 ;;
   846                           
   847     0026                     _PWM_Disable:	
   848                           ;psect for function _PWM_Disable
   849                           
   850     0026                     l793:	
   851                           ;incstack = 0
   852                           ; Regs used in _PWM_Disable: [wreg+status,2+status,0]
   853                           
   854                           
   855                           ;pwm.c: 54: TRISA |= (1<<1);
   856     0026  1486               	bsf	6,1	;volatile
   857     0027                     l795:
   858                           
   859                           ;pwm.c: 55: PWM2DCH = 0;
   860     0027  0198               	clrf	24	;volatile
   861                           
   862                           ;pwm.c: 56: PWM2DCL = 0;
   863     0028  0197               	clrf	23	;volatile
   864                           
   865                           ;pwm.c: 57: PWM2CON = 0;
   866     0029  0199               	clrf	25	;volatile
   867                           
   868                           ;pwm.c: 58: PR2 = 0;
   869     002A  0192               	clrf	18	;volatile
   870                           
   871                           ;pwm.c: 59: TMR2 = 0;
   872     002B  0191               	clrf	17	;volatile
   873                           
   874                           ;pwm.c: 60: T2CON = 0;
   875     002C  0193               	clrf	19	;volatile
   876     002D                     l797:
   877                           
   878                           ;pwm.c: 61: LATA &=~ (1<<1);
   879     002D  30FD               	movlw	253
   880     002E  00C6               	movwf	??_PWM_Disable
   881     002F  0846               	movf	??_PWM_Disable,w
   882     0030  0587               	andwf	7,f	;volatile
   883     0031                     l799:
   884                           
   885                           ;pwm.c: 62: ANSELA &=~ (1<<1);
   886     0031  30FD               	movlw	253
   887     0032  00C6               	movwf	??_PWM_Disable
   888     0033  0846               	movf	??_PWM_Disable,w
   889     0034  0588               	andwf	8,f	;volatile
   890     0035                     l801:
   891                           
   892                           ;pwm.c: 63: TRISA &=~ (1<<1);
   893     0035  30FD               	movlw	253
   894     0036  00C6               	movwf	??_PWM_Disable
   895     0037  0846               	movf	??_PWM_Disable,w
   896     0038  0586               	andwf	6,f	;volatile
   897     0039                     l76:
   898     0039  0008               	return
   899     003A                     __end_of_PWM_Disable:
   900                           
   901                           	psect	text7
   902     003A                     __ptext7:	
   903 ;; *************** function _Button_Init *****************
   904 ;; Defined at:
   905 ;;		line 39 in file "button.c"
   906 ;; Parameters:    Size  Location     Type
   907 ;;		None
   908 ;; Auto vars:     Size  Location     Type
   909 ;;		None
   910 ;; Return value:  Size  Location     Type
   911 ;;                  1    wreg      void 
   912 ;; Registers used:
   913 ;;		wreg, status,2, status,0
   914 ;; Tracked objects:
   915 ;;		On entry : 0/0
   916 ;;		On exit  : 0/0
   917 ;;		Unchanged: 0/0
   918 ;; Data sizes:     COMMON   BANK0
   919 ;;      Params:         0       0
   920 ;;      Locals:         0       0
   921 ;;      Temps:          0       1
   922 ;;      Totals:         0       1
   923 ;;Total ram usage:        1 bytes
   924 ;; Hardware stack levels used: 1
   925 ;; Hardware stack levels required when called: 2
   926 ;; This function calls:
   927 ;;		Nothing
   928 ;; This function is called by:
   929 ;;		_main
   930 ;; This function uses a non-reentrant model
   931 ;;
   932                           
   933     003A                     _Button_Init:	
   934                           ;psect for function _Button_Init
   935                           
   936     003A                     l805:	
   937                           ;incstack = 0
   938                           ; Regs used in _Button_Init: [wreg+status,2+status,0]
   939                           
   940                           
   941                           ;button.c: 40: TRISA =(1<<2);
   942     003A  3004               	movlw	4
   943     003B  0086               	movwf	6	;volatile
   944     003C                     l807:
   945                           
   946                           ;button.c: 41: ANSELA=0x00;
   947     003C  0188               	clrf	8	;volatile
   948     003D                     l809:
   949                           
   950                           ;button.c: 42: INTCON = 0;
   951     003D  018B               	clrf	11	;volatile
   952     003E                     l811:
   953                           
   954                           ;button.c: 43: OPTION_REG&=~0xC0;
   955     003E  303F               	movlw	63
   956     003F  00C6               	movwf	??_Button_Init
   957     0040  0846               	movf	??_Button_Init,w
   958     0041  058E               	andwf	14,f	;volatile
   959     0042                     l813:
   960                           
   961                           ;button.c: 44: INTCON=0x90;
   962     0042  3090               	movlw	144
   963     0043  008B               	movwf	11	;volatile
   964     0044                     l127:
   965     0044  0008               	return
   966     0045                     __end_of_Button_Init:
   967                           
   968                           	psect	text8
   969     006B                     __ptext8:	
   970 ;; *************** function _Button_Get_Sleep_Mode *****************
   971 ;; Defined at:
   972 ;;		line 62 in file "button.c"
   973 ;; Parameters:    Size  Location     Type
   974 ;;		None
   975 ;; Auto vars:     Size  Location     Type
   976 ;;		None
   977 ;; Return value:  Size  Location     Type
   978 ;;                  1    wreg      unsigned char 
   979 ;; Registers used:
   980 ;;		wreg
   981 ;; Tracked objects:
   982 ;;		On entry : 0/0
   983 ;;		On exit  : 0/0
   984 ;;		Unchanged: 0/0
   985 ;; Data sizes:     COMMON   BANK0
   986 ;;      Params:         0       0
   987 ;;      Locals:         0       0
   988 ;;      Temps:          0       0
   989 ;;      Totals:         0       0
   990 ;;Total ram usage:        0 bytes
   991 ;; Hardware stack levels used: 1
   992 ;; Hardware stack levels required when called: 2
   993 ;; This function calls:
   994 ;;		Nothing
   995 ;; This function is called by:
   996 ;;		_main
   997 ;; This function uses a non-reentrant model
   998 ;;
   999                           
  1000     006B                     _Button_Get_Sleep_Mode:	
  1001                           ;psect for function _Button_Get_Sleep_Mode
  1002                           
  1003     006B                     l823:	
  1004                           ;incstack = 0
  1005                           ; Regs used in _Button_Get_Sleep_Mode: [wreg]
  1006                           
  1007                           
  1008                           ;button.c: 63: return sleep_mode;
  1009     006B  0840               	movf	_sleep_mode,w	;volatile
  1010     006C                     l140:
  1011     006C  0008               	return
  1012     006D                     __end_of_Button_Get_Sleep_Mode:
  1013                           
  1014                           	psect	text9
  1015     0056                     __ptext9:	
  1016 ;; *************** function _ISRs *****************
  1017 ;; Defined at:
  1018 ;;		line 37 in file "main.c"
  1019 ;; Parameters:    Size  Location     Type
  1020 ;;		None
  1021 ;; Auto vars:     Size  Location     Type
  1022 ;;		None
  1023 ;; Return value:  Size  Location     Type
  1024 ;;                  1    wreg      void 
  1025 ;; Registers used:
  1026 ;;		status,2, status,0, pclath, cstack
  1027 ;; Tracked objects:
  1028 ;;		On entry : 0/0
  1029 ;;		On exit  : 0/0
  1030 ;;		Unchanged: 0/0
  1031 ;; Data sizes:     COMMON   BANK0
  1032 ;;      Params:         0       0
  1033 ;;      Locals:         0       0
  1034 ;;      Temps:          0       2
  1035 ;;      Totals:         0       2
  1036 ;;Total ram usage:        2 bytes
  1037 ;; Hardware stack levels used: 1
  1038 ;; Hardware stack levels required when called: 1
  1039 ;; This function calls:
  1040 ;;		_Button_ISR_Executables
  1041 ;; This function is called by:
  1042 ;;		Interrupt level 1
  1043 ;; This function uses a non-reentrant model
  1044 ;;
  1045                           
  1046     0056                     _ISRs:	
  1047                           ;psect for function _ISRs
  1048                           
  1049     0056                     i1l843:
  1050                           
  1051                           ;main.c: 38: Button_ISR_Executables();
  1052     0056  2066               	fcall	_Button_ISR_Executables
  1053     0057                     i1l33:
  1054     0057  0845               	movf	??_ISRs+1,w
  1055     0058  008A               	movwf	10
  1056     0059  0E44               	swapf	??_ISRs,w
  1057     005A  0083               	movwf	3
  1058     005B  0EFE               	swapf	btemp,f
  1059     005C  0E7E               	swapf	btemp,w
  1060     005D  0009               	retfie
  1061     005E                     __end_of_ISRs:
  1062                           
  1063                           	psect	intentry
  1064     0004                     __pintentry:	
  1065                           ;incstack = 0
  1066                           ; Regs used in _ISRs: [status,2+status,0+pclath+cstack]
  1067                           
  1068     0004                     interrupt_function:
  1069     007E                     saved_w	set	btemp
  1070     0004  00FE               	movwf	btemp
  1071     0005  0E03               	swapf	3,w
  1072     0006  00C4               	movwf	??_ISRs
  1073     0007  080A               	movf	10,w
  1074     0008  00C5               	movwf	??_ISRs+1
  1075     0009  2856               	ljmp	_ISRs
  1076                           
  1077                           	psect	text10
  1078     0066                     __ptext10:	
  1079 ;; *************** function _Button_ISR_Executables *****************
  1080 ;; Defined at:
  1081 ;;		line 66 in file "button.c"
  1082 ;; Parameters:    Size  Location     Type
  1083 ;;		None
  1084 ;; Auto vars:     Size  Location     Type
  1085 ;;		None
  1086 ;; Return value:  Size  Location     Type
  1087 ;;                  1    wreg      void 
  1088 ;; Registers used:
  1089 ;;		status,2
  1090 ;; Tracked objects:
  1091 ;;		On entry : 0/0
  1092 ;;		On exit  : 0/0
  1093 ;;		Unchanged: 0/0
  1094 ;; Data sizes:     COMMON   BANK0
  1095 ;;      Params:         0       0
  1096 ;;      Locals:         0       0
  1097 ;;      Temps:          0       0
  1098 ;;      Totals:         0       0
  1099 ;;Total ram usage:        0 bytes
  1100 ;; Hardware stack levels used: 1
  1101 ;; This function calls:
  1102 ;;		Nothing
  1103 ;; This function is called by:
  1104 ;;		_ISRs
  1105 ;; This function uses a non-reentrant model
  1106 ;;
  1107                           
  1108     0066                     _Button_ISR_Executables:	
  1109                           ;psect for function _Button_ISR_Executables
  1110                           
  1111     0066                     i1l831:	
  1112                           ;incstack = 0
  1113                           ; Regs used in _Button_ISR_Executables: [status,2]
  1114                           
  1115                           
  1116                           ;button.c: 68: INTCON=0x00;
  1117     0066  018B               	clrf	11	;volatile
  1118                           
  1119                           ;button.c: 69: sleep_mode=0;
  1120     0067  01C0               	clrf	_sleep_mode	;volatile
  1121     0068                     i1l143:
  1122     0068  0008               	return
  1123     0069                     __end_of_Button_ISR_Executables:
  1124     007E                     btemp	set	126	;btemp
  1125     007E                     wtemp0	set	126
  1126                           
  1127                           	psect	config
  1128                           
  1129                           ;Config register CONFIG @ 0x2007
  1130                           ;	Oscillator Selection bits
  1131                           ;	FOSC = INTOSC, INTOSC oscillator: CLKIN function disabled
  1132                           ;	Brown-out Reset Enable
  1133                           ;	BOREN = OFF, Brown-out Reset disabled
  1134                           ;	Watchdog Timer Enable
  1135                           ;	WDTE = OFF, WDT disabled
  1136                           ;	Power-up Timer Enable bit
  1137                           ;	PWRTE = OFF, PWRT disabled
  1138                           ;	MCLR Pin Function Select bit
  1139                           ;	MCLRE = ON, MCLR pin function is MCLR
  1140                           ;	Code Protection bit
  1141                           ;	CP = OFF, Program memory code protection is disabled
  1142                           ;	Low-Voltage Programming Enable
  1143                           ;	LVP = ON, Low-voltage programming enabled
  1144                           ;	Brown-out Reset Selection bits
  1145                           ;	LPBOR = OFF, BOR disabled
  1146                           ;	Brown-out Reset Voltage Selection
  1147                           ;	BORV = LO, Brown-out Reset Voltage (Vbor), low trip point selected.
  1148                           ;	Flash Memory Self-Write Protection
  1149                           ;	WRT = OFF, Write protection off
  1150     2007                     	org	8199
  1151     2007  3DE0               	dw	15840

Data Sizes:
    Strings     0
    Constant    0
    Data        0
    BSS         4
    Persistent  0
    Stack       0

Auto Spaces:
    Space          Size  Autos    Used
    COMMON            0      0       0
    BANK0            62      3       7

Pointer List with Targets:

    None.

Critical Paths under _main in COMMON

    None.

Critical Paths under _ISRs in COMMON

    None.

Critical Paths under _main in BANK0

    _main->_Button_Init
    _Sleep_Init->_Sleep_Unused_GPIO_Config
    _PWM_Off->_PWM_Disable

Critical Paths under _ISRs in BANK0

    None.

Call Graph Tables:

 ---------------------------------------------------------------------------------
 (Depth) Function   	        Calls       Base Space   Used Autos Params    Refs
 ---------------------------------------------------------------------------------
 (0) _main                                                 0     0      0       0
              _Button_Get_Sleep_Mode
                        _Button_Init
                            _PWM_Off
                         _Sleep_Init
 ---------------------------------------------------------------------------------
 (1) _Sleep_Init                                           0     0      0       0
           _Sleep_Unused_GPIO_Config
 ---------------------------------------------------------------------------------
 (2) _Sleep_Unused_GPIO_Config                             1     1      0       0
                                              2 BANK0      1     1      0
 ---------------------------------------------------------------------------------
 (1) _PWM_Off                                              0     0      0       0
                        _PWM_Disable
           _PWM_Get_Execution_Status
           _PWM_Set_Execution_Status
 ---------------------------------------------------------------------------------
 (2) _PWM_Set_Execution_Status                             0     0      0       0
 ---------------------------------------------------------------------------------
 (2) _PWM_Get_Execution_Status                             0     0      0       0
 ---------------------------------------------------------------------------------
 (2) _PWM_Disable                                          1     1      0       0
                                              2 BANK0      1     1      0
 ---------------------------------------------------------------------------------
 (1) _Button_Init                                          1     1      0       0
                                              2 BANK0      1     1      0
 ---------------------------------------------------------------------------------
 (1) _Button_Get_Sleep_Mode                                0     0      0       0
 ---------------------------------------------------------------------------------
 Estimated maximum stack depth 2
 ---------------------------------------------------------------------------------
 (Depth) Function   	        Calls       Base Space   Used Autos Params    Refs
 ---------------------------------------------------------------------------------
 (3) _ISRs                                                 2     2      0       0
                                              0 BANK0      2     2      0
             _Button_ISR_Executables
 ---------------------------------------------------------------------------------
 (4) _Button_ISR_Executables                               0     0      0       0
 ---------------------------------------------------------------------------------
 Estimated maximum stack depth 4
 ---------------------------------------------------------------------------------

 Call Graph Graphs:

 _main (ROOT)
   _Button_Get_Sleep_Mode
   _Button_Init
   _PWM_Off
     _PWM_Disable
     _PWM_Get_Execution_Status
     _PWM_Set_Execution_Status
   _Sleep_Init
     _Sleep_Unused_GPIO_Config

 _ISRs (ROOT)
   _Button_ISR_Executables

 Address spaces:
Name               Size   Autos  Total    Cost      Usage
BITCOMMON            0      0       0       0        0.0%
NULL                 0      0       0       0        0.0%
CODE                 0      0       0       0        0.0%
BITSFR0              0      0       0       1        0.0%
SFR0                 0      0       0       1        0.0%
COMMON               0      0       0       1        0.0%
STACK                0      0       0       2        0.0%
BANK0               3E      3       7       3       11.3%
ABS                  0      0       7       4        0.0%
DATA                 0      0       7       5        0.0%
BITBANK0            3E      0       0       6        0.0%


Microchip Technology PIC Macro Assembler V2.40 build 20220703182018 
Symbol Table                                                                                   Wed Jun 21 19:15:07 2023

          _Button_ISR_Executables 0066                                l22 001D                                l61 0065  
                              l58 006A                                l76 0039                                l92 004D  
                     _PWM_Disable 0026                               l105 0062                               l140 006C  
                             l108 0055                               l127 0044                               l801 0035  
                             l811 003E                               l803 005E                               l813 0042  
                             l805 003A                               l821 0054                               l823 006B  
                             l807 003C                               l815 004E                               l809 003D  
                             l817 0050                               l841 0022                               l833 0011  
                             l827 0045                               l819 0051                               l835 0013  
                             l829 004B                               l837 0019                               l791 0063  
                             l793 0026                               l795 0027                               l787 0069  
                             l797 002D                               l799 0031                               u120 004B  
                             u121 004A                               u130 0019                               u131 0018  
                             u140 001D                               u141 001C                               u150 0021  
                             u151 0020                               _PR2 0012           ??_Button_Get_Sleep_Mode 0000  
                            _LATA 0007                              i1l33 0057                              _PIR1 000C  
                            _TMR2 0011                              _ISRs 0056                              _WPUA 0009  
                            _main 0011                              btemp 007E                   __end_of_PWM_Off 004E  
                            start 000A                             ?_ISRs 0044                     ??_Button_Init 0046  
                           ?_main 0044                             _ADCON 001F                             _T2CON 0013  
                           i1l143 0068                             i1l831 0066                             i1l843 0056  
                           _PORTA 0005                             _TRISA 0006                             pclath 000A  
                           status 0003                             wtemp0 007E                      __end_of_ISRs 005E  
                 __initialization 000B                      __end_of_main 0026                            ??_ISRs 0044  
                          ??_main 0000               __end_of_Button_Init 0045                            _ANSELA 0008  
                       ??_PWM_Off 0000        ??_Sleep_Unused_GPIO_Config 0046                            _INTCON 000B  
                          _FVRCON 001D                        _Sleep_Init 004E                            saved_w 007E  
         __end_of__initialization 000F           ?_Button_ISR_Executables 0044                    __pcstackCOMMON 0000  
       ?_PWM_Get_Execution_Status 0044         ?_PWM_Set_Execution_Status 0044                      ?_PWM_Disable 0044  
                     _Button_Init 003A                        __pbssBANK0 0040     __end_of_Button_Get_Sleep_Mode 006D  
  __end_of_Button_ISR_Executables 0069                       ?_Sleep_Init 0044                        __pmaintext 0011  
                      __pintentry 0004                           _PWM2DCH 0018                           _PWM2DCL 0017  
                         _PWM2CON 0019                           _VREGCON 003E                           _PWM_Off 0045  
                         __ptext1 004E                           __ptext2 005E                           __ptext3 0045  
                         __ptext4 0063                           __ptext5 0069                           __ptext6 0026  
                         __ptext7 003A                           __ptext8 006B                           __ptext9 0056  
            end_of_initialization 000F                        _sleep_mode 0040  __end_of_PWM_Get_Execution_Status 006B  
__end_of_PWM_Set_Execution_Status 0066         ?_Sleep_Unused_GPIO_Config 0044                      ?_Button_Init 0044  
             start_initialization 000B                      _Button_State 0041                      ??_Sleep_Init 0000  
                       ___latbits 0000                     __pcstackBANK0 0044                __end_of_Sleep_Init 0056  
                        ?_PWM_Off 0044             _Button_Get_Sleep_Mode 006B                      _button_state 0043  
        _PWM_Get_Execution_Status 0069          _PWM_Set_Execution_Status 0063                 interrupt_function 0004  
        ??_Button_ISR_Executables 0000  __end_of_Sleep_Unused_GPIO_Config 0063            ?_Button_Get_Sleep_Mode 0044  
                   ??_PWM_Disable 0046                          __ptext10 0066                          _executed 0042  
             __end_of_PWM_Disable 003A        ??_PWM_Get_Execution_Status 0000                          intlevel1 0000  
      ??_PWM_Set_Execution_Status 0000          _Sleep_Unused_GPIO_Config 005E                        _OPTION_REG 000E  
